<?xml version="1.0" encoding="UTF-8" ?>
<testsuite tests="55" failures="0" name="com.silamoney.client.tests.TestSuite" time="127.326" errors="0" skipped="0">
  <properties>
[...]
</properties>
  <testcase classname="com.silamoney.client.tests.CheckHandleTests" name="Response400" time="1.694"/>
  <testcase classname="com.silamoney.client.tests.CheckHandleTests" name="Response401" time="0.833"/>
  <testcase classname="com.silamoney.client.tests.CheckHandleTests" name="Response200Success" time="0.763"/>
  <testcase classname="com.silamoney.client.tests.CheckHandleTests" name="Response200Failure" time="0.779"/>
  <testcase classname="com.silamoney.client.tests.RegisterTests" name="Response200" time="2.225"/>
  <testcase classname="com.silamoney.client.tests.RegisterTests" name="Response400" time="0.752"/>
  <testcase classname="com.silamoney.client.tests.RegisterTests" name="Response401" time="0.648"/>
  <testcase classname="com.silamoney.client.tests.RegisterTests" name="Response3USER1FAIL" time="2.597"/>
  <testcase classname="com.silamoney.client.tests.RequestKYCTests" name="response200Failure" time="0.923"/>
  <testcase classname="com.silamoney.client.tests.RequestKYCTests" name="response200" time="1.017"/>
  <testcase classname="com.silamoney.client.tests.RequestKYCTests" name="response400" time="0.92"/>
  <testcase classname="com.silamoney.client.tests.RequestKYCTests" name="response401" time="0.959"/>
  <testcase classname="com.silamoney.client.tests.RequestKYCTests" name="response403" time="0.894"/>
  <testcase classname="com.silamoney.client.tests.CheckKYCTests" name="Response401User" time="0.861"/>
  <testcase classname="com.silamoney.client.tests.CheckKYCTests" name="Response200" time="75.681"/>
  <testcase classname="com.silamoney.client.tests.CheckKYCTests" name="Response400" time="0.758"/>
  <testcase classname="com.silamoney.client.tests.CheckKYCTests" name="Response200Failure" time="0.685"/>
  <testcase classname="com.silamoney.client.tests.LinkAccountTests" name="Response200SuccessNoPublicToken" time="0.953"/>
  <testcase classname="com.silamoney.client.tests.LinkAccountTests" name="Response400" time="1.846"/>
  <testcase classname="com.silamoney.client.tests.LinkAccountTests" name="Response401" time="0.708"/>
  <testcase classname="com.silamoney.client.tests.LinkAccountTests" name="Response200Success" time="1.591"/>
  <testcase classname="com.silamoney.client.tests.LinkAccountTests" name="ResponseInvalidPublicToken" time="1.171"/>
  <testcase classname="com.silamoney.client.tests.GetAccountsTests" name="Response400" time="0.734"/>
  <testcase classname="com.silamoney.client.tests.GetAccountsTests" name="Response401" time="0.804"/>
  <testcase classname="com.silamoney.client.tests.GetAccountsTests" name="Response200Success" time="0.89"/>
  <testcase classname="com.silamoney.client.tests.IssueSilaTests" name="Response401User" time="0.849"/>
  <testcase classname="com.silamoney.client.tests.IssueSilaTests" name="ResponseNotPassed" time="0.624"/>
  <testcase classname="com.silamoney.client.tests.IssueSilaTests" name="Response400" time="0.738"/>
  <testcase classname="com.silamoney.client.tests.IssueSilaTests" name="Response401" time="0.609"/>
  <testcase classname="com.silamoney.client.tests.IssueSilaTests" name="Response200Success" time="1.494"/>
  <testcase classname="com.silamoney.client.tests.TransferSilaTests" name="Response400" time="0.789"/>
  <testcase classname="com.silamoney.client.tests.TransferSilaTests" name="Response401" time="0.694"/>
  <testcase classname="com.silamoney.client.tests.TransferSilaTests" name="Response200Success" time="1.172"/>
  <testcase classname="com.silamoney.client.tests.RedeemSilaTests" name="Response400" time="0.627"/>
  <testcase classname="com.silamoney.client.tests.RedeemSilaTests" name="Response401" time="0.633"/>
  <testcase classname="com.silamoney.client.tests.RedeemSilaTests" name="Response200Success" time="1.473"/>
  <testcase classname="com.silamoney.client.tests.GetTransactionsTests" name="Response200" time="0.787"/>
  <testcase classname="com.silamoney.client.tests.GetTransactionsTests" name="Response400" time="0.753"/>
  <testcase classname="com.silamoney.client.tests.GetTransactionsTests" name="Response403" time="0.819"/>
  <testcase classname="com.silamoney.client.tests.PlaidSameDayAuthTests" name="Response400" time="0.727"/>
  <testcase classname="com.silamoney.client.tests.PlaidSameDayAuthTests" name="Response401" time="0.693"/>
  <testcase classname="com.silamoney.client.tests.RegisterWalletTests" name="Response200" time="1.169"/>
  <testcase classname="com.silamoney.client.tests.RegisterWalletTests" name="ResponseBadWallet" time="0.56"/>
  <testcase classname="com.silamoney.client.tests.GetWalletTests" name="Response200" time="1.334"/>
  <testcase classname="com.silamoney.client.tests.GetWalletTests" name="Response400" time="0.623"/>
  <testcase classname="com.silamoney.client.tests.GetWalletTests" name="Response403" time="0.805"/>
  <testcase classname="com.silamoney.client.tests.GetWalletsTests" name="Response200" time="0.894"/>
  <testcase classname="com.silamoney.client.tests.GetWalletsTests" name="Response400" time="1.039"/>
  <testcase classname="com.silamoney.client.tests.GetWalletsTests" name="Response401" time="0.8"/>
  <testcase classname="com.silamoney.client.tests.UpdateWalletTests" name="Response200" time="0.944"/>
  <testcase classname="com.silamoney.client.tests.UpdateWalletTests" name="Response400" time="0.59"/>
  <testcase classname="com.silamoney.client.tests.UpdateWalletTests" name="Response403" time="0.856"/>
  <testcase classname="com.silamoney.client.tests.DeleteWalletTests" name="Response200" time="1.28"/>
  <testcase classname="com.silamoney.client.tests.DeleteWalletTests" name="Response400" time="0.631"/>
  <testcase classname="com.silamoney.client.tests.DeleteWalletTests" name="Response403" time="0.634"/>
</testsuite>