<?xml version="1.0" encoding="UTF-8" ?>
<testsuite tests="54" failures="1" name="com.silamoney.client.tests.TestSuite" time="103.792" errors="0" skipped="0">
  <properties>
    <property name="java.runtime.name" value="Java(TM) SE Runtime Environment"/>
    <property name="java.vm.version" value="12.0.2+10"/>
    <property name="sun.boot.library.path" value="/usr/lib/jvm/jdk-12.0.2/lib"/>
    <property name="maven.multiModuleProjectDirectory" value="/home/csosa/Trabajo/Geko/Projects/gekoDev/sila-sdk/sila-sdk-java/SilaSDK"/>
    <property name="java.vm.vendor" value="Oracle Corporation"/>
    <property name="java.vendor.url" value="https://java.oracle.com/"/>
    <property name="guice.disable.misplaced.annotation.check" value="true"/>
    <property name="path.separator" value=":"/>
    <property name="java.vm.name" value="Java HotSpot(TM) 64-Bit Server VM"/>
    <property name="user.country" value="GT"/>
    <property name="sun.java.launcher" value="SUN_STANDARD"/>
    <property name="java.vm.specification.name" value="Java Virtual Machine Specification"/>
    <property name="user.dir" value="/home/csosa/Trabajo/Geko/Projects/gekoDev/sila-sdk/sila-sdk-java/SilaSDK"/>
    <property name="java.vm.compressedOopsMode" value="Zero based"/>
    <property name="java.runtime.version" value="12.0.2+10"/>
    <property name="java.awt.graphicsenv" value="sun.awt.X11GraphicsEnvironment"/>
    <property name="os.arch" value="amd64"/>
    <property name="java.io.tmpdir" value="/tmp"/>
    <property name="line.separator" value="
"/>
    <property name="java.vm.specification.vendor" value="Oracle Corporation"/>
    <property name="os.name" value="Linux"/>
    <property name="maven.ext.class.path" value="/snap/intellij-idea-ultimate/212/plugins/maven/lib/maven-event-listener.jar"/>
    <property name="classworlds.conf" value="/snap/intellij-idea-ultimate/212/plugins/maven/lib/maven3/bin/m2.conf"/>
    <property name="sun.jnu.encoding" value="UTF-8"/>
    <property name="java.library.path" value="/usr/java/packages/lib:/usr/lib64:/lib64:/lib:/usr/lib"/>
    <property name="maven.conf" value="/snap/intellij-idea-ultimate/212/plugins/maven/lib/maven3/conf"/>
    <property name="jdk.debug" value="release"/>
    <property name="java.class.version" value="56.0"/>
    <property name="java.specification.name" value="Java Platform API Specification"/>
    <property name="sun.management.compiler" value="HotSpot 64-Bit Tiered Compilers"/>
    <property name="idea.version2019.3.4" value="true"/>
    <property name="os.version" value="4.19.0-6-amd64"/>
    <property name="user.home" value="/home/csosa"/>
    <property name="user.timezone" value="America/Guatemala"/>
    <property name="file.encoding" value="UTF-8"/>
    <property name="java.specification.version" value="12"/>
    <property name="user.name" value="csosa"/>
    <property name="java.class.path" value="/snap/intellij-idea-ultimate/212/plugins/maven/lib/maven3/boot/plexus-classworlds-2.6.0.jar"/>
    <property name="java.vm.specification.version" value="12"/>
    <property name="sun.arch.data.model" value="64"/>
    <property name="sun.java.command" value="org.codehaus.classworlds.Launcher -Didea.version2019.3.4 test"/>
    <property name="java.home" value="/usr/lib/jvm/jdk-12.0.2"/>
    <property name="user.language" value="es"/>
    <property name="java.specification.vendor" value="Oracle Corporation"/>
    <property name="awt.toolkit" value="sun.awt.X11.XToolkit"/>
    <property name="java.vm.info" value="mixed mode, sharing"/>
    <property name="java.version" value="12.0.2"/>
    <property name="securerandom.source" value="file:/dev/./urandom"/>
    <property name="java.vendor" value="Oracle Corporation"/>
    <property name="maven.home" value="/snap/intellij-idea-ultimate/212/plugins/maven/lib/maven3"/>
    <property name="file.separator" value="/"/>
    <property name="java.version.date" value="2019-07-16"/>
    <property name="java.vendor.url.bug" value="https://bugreport.java.com/bugreport/"/>
    <property name="sun.io.unicode.encoding" value="UnicodeLittle"/>
    <property name="sun.cpu.endian" value="little"/>
    <property name="sun.desktop" value="gnome"/>
  </properties>
  <testcase classname="com.silamoney.client.tests.CheckHandleTests" name="Response400" time="1.42"/>
  <testcase classname="com.silamoney.client.tests.CheckHandleTests" name="Response401" time="0.788"/>
  <testcase classname="com.silamoney.client.tests.CheckHandleTests" name="Response200Success" time="0.826"/>
  <testcase classname="com.silamoney.client.tests.CheckHandleTests" name="Response200Failure" time="0.714"/>
  <testcase classname="com.silamoney.client.tests.RegisterTests" name="Response200" time="1.926"/>
  <testcase classname="com.silamoney.client.tests.RegisterTests" name="Response400" time="0.736"/>
  <testcase classname="com.silamoney.client.tests.RegisterTests" name="Response401" time="0.872"/>
  <testcase classname="com.silamoney.client.tests.RegisterTests" name="Response3USER1FAIL" time="2.149"/>
  <testcase classname="com.silamoney.client.tests.RequestKYCTests" name="Response200" time="1.048"/>
  <testcase classname="com.silamoney.client.tests.RequestKYCTests" name="Response400" time="1.022"/>
  <testcase classname="com.silamoney.client.tests.RequestKYCTests" name="Response401" time="1.033"/>
  <testcase classname="com.silamoney.client.tests.RequestKYCTests" name="Response403" time="0.909"/>
  <testcase classname="com.silamoney.client.tests.RequestKYCTests" name="Response200Failure" time="0.903"/>
  <testcase classname="com.silamoney.client.tests.CheckKYCTests" name="Response401User" time="0.835"/>
  <testcase classname="com.silamoney.client.tests.CheckKYCTests" name="Response200" time="53.964"/>
  <testcase classname="com.silamoney.client.tests.CheckKYCTests" name="Response400" time="0.819"/>
  <testcase classname="com.silamoney.client.tests.CheckKYCTests" name="Response200Failure" time="0.761"/>
  <testcase classname="com.silamoney.client.tests.LinkAccountTests" name="Response200SuccessNoPublicToken" time="0.977"/>
  <testcase classname="com.silamoney.client.tests.LinkAccountTests" name="Response400" time="1.841"/>
  <testcase classname="com.silamoney.client.tests.LinkAccountTests" name="Response401" time="0.846"/>
  <testcase classname="com.silamoney.client.tests.LinkAccountTests" name="Response200Success" time="1.708"/>
  <testcase classname="com.silamoney.client.tests.LinkAccountTests" name="ResponseInvalidPublicToken" time="1.035"/>
  <testcase classname="com.silamoney.client.tests.GetAccountsTests" name="Response400" time="0.63"/>
  <testcase classname="com.silamoney.client.tests.GetAccountsTests" name="Response401" time="0.787"/>
  <testcase classname="com.silamoney.client.tests.GetAccountsTests" name="Response200Success" time="0.829"/>
  <testcase classname="com.silamoney.client.tests.IssueSilaTests" name="Response401User" time="0.74"/>
  <testcase classname="com.silamoney.client.tests.IssueSilaTests" name="ResponseNotPassed" time="0.693"/>
  <testcase classname="com.silamoney.client.tests.IssueSilaTests" name="Response400" time="0.597"/>
  <testcase classname="com.silamoney.client.tests.IssueSilaTests" name="Response401" time="0.749"/>
  <testcase classname="com.silamoney.client.tests.IssueSilaTests" name="Response200Success" time="1.509"/>
  <testcase classname="com.silamoney.client.tests.TransferSilaTests" name="Response400" time="0.806"/>
  <testcase classname="com.silamoney.client.tests.TransferSilaTests" name="Response401" time="0.716"/>
  <testcase classname="com.silamoney.client.tests.TransferSilaTests" name="Response200Success" time="1.535"/>
  <testcase classname="com.silamoney.client.tests.RedeemSilaTests" name="Response400" time="0.684"/>
  <testcase classname="com.silamoney.client.tests.RedeemSilaTests" name="Response401" time="0.744"/>
  <testcase classname="com.silamoney.client.tests.RedeemSilaTests" name="Response200Success" time="1.234"/>
  <testcase classname="com.silamoney.client.tests.GetTransactionsTests" name="Response200" time="0.919"/>
  <testcase classname="com.silamoney.client.tests.GetTransactionsTests" name="Response400" time="0.814"/>
  <testcase classname="com.silamoney.client.tests.GetTransactionsTests" name="Response403" time="0.719"/>
  <testcase classname="com.silamoney.client.tests.PlaidSameDayAuthTests" name="Response400" time="0.815"/>
  <testcase classname="com.silamoney.client.tests.PlaidSameDayAuthTests" name="Response401" time="0.66"/>
  <testcase classname="com.silamoney.client.tests.RegisterWalletTests" name="Response200" time="1.007"/>
  <testcase classname="com.silamoney.client.tests.RegisterWalletTests" name="ResponseBadWallet" time="0.618"/>
  <testcase classname="com.silamoney.client.tests.GetWalletTests" name="Response200" time="1.201"/>
  <testcase classname="com.silamoney.client.tests.GetWalletTests" name="Response400" time="0.601"/>
  <testcase classname="com.silamoney.client.tests.GetWalletTests" name="Response403" time="0.714"/>
  <testcase classname="com.silamoney.client.tests.UpdateWalletTests" name="Response200" time="0.929">
    <failure message="expected:&lt;200&gt; but was:&lt;403&gt;" type="java.lang.AssertionError">java.lang.AssertionError: expected:&lt;200&gt; but was:&lt;403&gt;
	at org.junit.Assert.fail(Assert.java:88)
	at org.junit.Assert.failNotEquals(Assert.java:743)
	at org.junit.Assert.assertEquals(Assert.java:118)
	at org.junit.Assert.assertEquals(Assert.java:555)
	at org.junit.Assert.assertEquals(Assert.java:542)
	at com.silamoney.client.tests.UpdateWalletTests.Response200(UpdateWalletTests.java:40)
	at java.base/jdk.internal.reflect.NativeMethodAccessorImpl.invoke0(Native Method)
	at java.base/jdk.internal.reflect.NativeMethodAccessorImpl.invoke(NativeMethodAccessorImpl.java:62)
	at java.base/jdk.internal.reflect.DelegatingMethodAccessorImpl.invoke(DelegatingMethodAccessorImpl.java:43)
	at java.base/java.lang.reflect.Method.invoke(Method.java:567)
	at org.junit.runners.model.FrameworkMethod$1.runReflectiveCall(FrameworkMethod.java:47)
	at org.junit.internal.runners.model.ReflectiveCallable.run(ReflectiveCallable.java:12)
	at org.junit.runners.model.FrameworkMethod.invokeExplosively(FrameworkMethod.java:44)
	at org.junit.internal.runners.statements.InvokeMethod.evaluate(InvokeMethod.java:17)
	at org.junit.runners.ParentRunner.runLeaf(ParentRunner.java:271)
	at org.junit.runners.BlockJUnit4ClassRunner.runChild(BlockJUnit4ClassRunner.java:70)
	at org.junit.runners.BlockJUnit4ClassRunner.runChild(BlockJUnit4ClassRunner.java:50)
	at org.junit.runners.ParentRunner$3.run(ParentRunner.java:238)
	at org.junit.runners.ParentRunner$1.schedule(ParentRunner.java:63)
	at org.junit.runners.ParentRunner.runChildren(ParentRunner.java:236)
	at org.junit.runners.ParentRunner.access$000(ParentRunner.java:53)
	at org.junit.runners.ParentRunner$2.evaluate(ParentRunner.java:229)
	at org.junit.runners.ParentRunner.run(ParentRunner.java:309)
	at org.junit.runners.Suite.runChild(Suite.java:127)
	at org.junit.runners.Suite.runChild(Suite.java:26)
	at org.junit.runners.ParentRunner$3.run(ParentRunner.java:238)
	at org.junit.runners.ParentRunner$1.schedule(ParentRunner.java:63)
	at org.junit.runners.ParentRunner.runChildren(ParentRunner.java:236)
	at org.junit.runners.ParentRunner.access$000(ParentRunner.java:53)
	at org.junit.runners.ParentRunner$2.evaluate(ParentRunner.java:229)
	at org.junit.runners.ParentRunner.run(ParentRunner.java:309)
	at org.apache.maven.surefire.junit4.JUnit4Provider.execute(JUnit4Provider.java:252)
	at org.apache.maven.surefire.junit4.JUnit4Provider.executeTestSet(JUnit4Provider.java:141)
	at org.apache.maven.surefire.junit4.JUnit4Provider.invoke(JUnit4Provider.java:112)
	at java.base/jdk.internal.reflect.NativeMethodAccessorImpl.invoke0(Native Method)
	at java.base/jdk.internal.reflect.NativeMethodAccessorImpl.invoke(NativeMethodAccessorImpl.java:62)
	at java.base/jdk.internal.reflect.DelegatingMethodAccessorImpl.invoke(DelegatingMethodAccessorImpl.java:43)
	at java.base/java.lang.reflect.Method.invoke(Method.java:567)
	at org.apache.maven.surefire.util.ReflectionUtils.invokeMethodWithArray(ReflectionUtils.java:189)
	at org.apache.maven.surefire.booter.ProviderFactory$ProviderProxy.invoke(ProviderFactory.java:165)
	at org.apache.maven.surefire.booter.ProviderFactory.invokeProvider(ProviderFactory.java:85)
	at org.apache.maven.surefire.booter.ForkedBooter.runSuitesInProcess(ForkedBooter.java:115)
	at org.apache.maven.surefire.booter.ForkedBooter.main(ForkedBooter.java:75)
</failure>
  </testcase>
  <testcase classname="com.silamoney.client.tests.UpdateWalletTests" name="Response400" time="0.707"/>
  <testcase classname="com.silamoney.client.tests.UpdateWalletTests" name="Response403" time="0.732"/>
  <testcase classname="com.silamoney.client.tests.DeleteWalletTests" name="Response400" time="0.707"/>
  <testcase classname="com.silamoney.client.tests.DeleteWalletTests" name="Response403" time="0.708"/>
  <testcase classname="com.silamoney.client.tests.GetWalletsTests" name="Response200" time="0.807"/>
  <testcase classname="com.silamoney.client.tests.GetWalletsTests" name="Response400" time="0.808"/>
  <testcase classname="com.silamoney.client.tests.GetWalletsTests" name="Response401" time="0.941"/>
</testsuite>